2021/07/13 13:59:11 にビルドを開始しました。
     1>ノード 2 上のプロジェクト "C:\Users\tarak\Desktop\制作\game-puloguramu\ゲーム実習\課題\GameProgramming\GameProgramming.vcxproj" (Build ターゲット)。
     1>ClCompile:
         C:\Program Files (x86)\Microsoft Visual Studio 12.0\VC\bin\CL.exe /c /ZI /nologo /W3 /WX- /Od /Oy- /D WIN32 /D _DEBUG /D _CONSOLE /D _LIB /Gm /EHsc /RTC1 /MDd /GS /fp:precise /Zc:wchar_t /Zc:forScope /Fo"Debug\\" /Fd"Debug\vc120.pdb" /Gd /TP /analyze- /errorReport:prompt CMaterial.cpp CModelX.cpp
         CModelX.cpp
     1>c:\users\tarak\desktop\制作\game-puloguramu\ゲーム実習\課題\gameprogramming\cmodelx.h(62): warning C4018: '<' : signed と unsigned の数値を比較しようとしました。
     1>c:\users\tarak\desktop\制作\game-puloguramu\ゲーム実習\課題\gameprogramming\cmodelx.h(99): warning C4018: '<' : signed と unsigned の数値を比較しようとしました。
     1>c:\users\tarak\desktop\制作\game-puloguramu\ゲーム実習\課題\gameprogramming\cmodelx.h(142): warning C4018: '<' : signed と unsigned の数値を比較しようとしました。
     1>c:\users\tarak\desktop\制作\game-puloguramu\ゲーム実習\課題\gameprogramming\cmodelx.cpp(22): warning C4996: 'strcpy': This function or variable may be unsafe. Consider using strcpy_s instead. To disable deprecation, use _CRT_SECURE_NO_WARNINGS. See online help for details.
                 c:\program files (x86)\microsoft visual studio 12.0\vc\include\string.h(112) : 'strcpy' の宣言を確認してください。
     1>c:\users\tarak\desktop\制作\game-puloguramu\ゲーム実習\課題\gameprogramming\cmodelx.cpp(65): warning C4996: 'strcpy': This function or variable may be unsafe. Consider using strcpy_s instead. To disable deprecation, use _CRT_SECURE_NO_WARNINGS. See online help for details.
                 c:\program files (x86)\microsoft visual studio 12.0\vc\include\string.h(112) : 'strcpy' の宣言を確認してください。
     1>c:\users\tarak\desktop\制作\game-puloguramu\ゲーム実習\課題\gameprogramming\cmodelx.cpp(165): warning C4996: 'strcpy': This function or variable may be unsafe. Consider using strcpy_s instead. To disable deprecation, use _CRT_SECURE_NO_WARNINGS. See online help for details.
                 c:\program files (x86)\microsoft visual studio 12.0\vc\include\string.h(112) : 'strcpy' の宣言を確認してください。
     1>c:\users\tarak\desktop\制作\game-puloguramu\ゲーム実習\課題\gameprogramming\cmodelx.cpp(296): warning C4996: 'fopen': This function or variable may be unsafe. Consider using fopen_s instead. To disable deprecation, use _CRT_SECURE_NO_WARNINGS. See online help for details.
                 c:\program files (x86)\microsoft visual studio 12.0\vc\include\stdio.h(211) : 'fopen' の宣言を確認してください。
     1>c:\users\tarak\desktop\制作\game-puloguramu\ゲーム実習\課題\gameprogramming\cmodelx.cpp(384): warning C4996: 'strcpy': This function or variable may be unsafe. Consider using strcpy_s instead. To disable deprecation, use _CRT_SECURE_NO_WARNINGS. See online help for details.
                 c:\program files (x86)\microsoft visual studio 12.0\vc\include\string.h(112) : 'strcpy' の宣言を確認してください。
     1>c:\users\tarak\desktop\制作\game-puloguramu\ゲーム実習\課題\gameprogramming\cmodelx.cpp(445): warning C4018: '<' : signed と unsigned の数値を比較しようとしました。
         CMaterial.cpp
     1>c:\users\tarak\desktop\制作\game-puloguramu\ゲーム実習\課題\gameprogramming\cmodelx.h(62): warning C4018: '<' : signed と unsigned の数値を比較しようとしました。
     1>c:\users\tarak\desktop\制作\game-puloguramu\ゲーム実習\課題\gameprogramming\cmodelx.h(99): warning C4018: '<' : signed と unsigned の数値を比較しようとしました。
     1>c:\users\tarak\desktop\制作\game-puloguramu\ゲーム実習\課題\gameprogramming\cmodelx.h(142): warning C4018: '<' : signed と unsigned の数値を比較しようとしました。
     1>c:\users\tarak\desktop\制作\game-puloguramu\ゲーム実習\課題\gameprogramming\cmaterial.cpp(61): warning C4996: 'strcpy': This function or variable may be unsafe. Consider using strcpy_s instead. To disable deprecation, use _CRT_SECURE_NO_WARNINGS. See online help for details.
                 c:\program files (x86)\microsoft visual studio 12.0\vc\include\string.h(112) : 'strcpy' の宣言を確認してください。
         コードを生成中...
       Link:
         C:\Program Files (x86)\Microsoft Visual Studio 12.0\VC\bin\link.exe /ERRORREPORT:PROMPT /OUT:"C:\Users\tarak\Desktop\制作\game-puloguramu\ゲーム実習\課題\Debug\GameProgramming.exe" /INCREMENTAL /NOLOGO glew32.lib glfw3.lib glfw3dll.lib glut32.lib kernel32.lib user32.lib gdi32.lib winspool.lib comdlg32.lib advapi32.lib shell32.lib ole32.lib oleaut32.lib uuid.lib odbc32.lib odbccp32.lib /MANIFEST /MANIFESTUAC:"level='asInvoker' uiAccess='false'" /manifest:embed /DEBUG /PDB:"C:\Users\tarak\Desktop\制作\game-puloguramu\ゲーム実習\課題\Debug\GameProgramming.pdb" /TLBID:1 /DYNAMICBASE /NXCOMPAT /IMPLIB:"C:\Users\tarak\Desktop\制作\game-puloguramu\ゲーム実習\課題\Debug\GameProgramming.lib" /MACHINE:X86 Debug\CBillBoard.obj
         Debug\CBullet.obj
         Debug\CCamera.obj
         Debug\CCharacter.obj
         Debug\CCollider.obj
         Debug\CColliderLine.obj
         Debug\CColliderMesh.obj
         Debug\CColliderTriangle.obj
         Debug\CCollisionManager.obj
         Debug\CEffect.obj
         Debug\CEnemy.obj
         Debug\CEnemy2.obj
         Debug\CKey.obj
         Debug\CMaterial.obj
         Debug\CMatrix.obj
         Debug\CModel.obj
         Debug\CModelX.obj
         Debug\CPlayer.obj
         Debug\CRes.obj
         Debug\CSceneGame.obj
         Debug\CSceneManager.obj
         Debug\CSound.obj
         Debug\CTaskManager.obj
         Debug\CText.obj
         Debug\CTexture.obj
         Debug\CTransform.obj
         Debug\CTriangle.obj
         Debug\CUtil.obj
         Debug\CVector.obj
         Debug\main.obj
     1>LINK : warning LNK4098: defaultlib 'MSVCRT' は他のライブラリの使用と競合しています。/NODEFAULTLIB:library を使用してください。
     1>main.obj : warning LNK4099: PDB 'vc120.pdb' が 'main.obj' で、または 'C:\Users\tarak\Desktop\制作\game-puloguramu\ゲーム実習\課題\Debug\vc120.pdb' に見つかりません。デバッグ情報がないものとして、オブジェクトにリンクします。
     1>CUtil.obj : warning LNK4099: PDB 'vc120.pdb' が 'CUtil.obj' で、または 'C:\Users\tarak\Desktop\制作\game-puloguramu\ゲーム実習\課題\Debug\vc120.pdb' に見つかりません。デバッグ情報がないものとして、オブジェクトにリンクします。
     1>CTexture.obj : warning LNK4099: PDB 'vc120.pdb' が 'CTexture.obj' で、または 'C:\Users\tarak\Desktop\制作\game-puloguramu\ゲーム実習\課題\Debug\vc120.pdb' に見つかりません。デバッグ情報がないものとして、オブジェクトにリンクします。
     1>CText.obj : warning LNK4099: PDB 'vc120.pdb' が 'CText.obj' で、または 'C:\Users\tarak\Desktop\制作\game-puloguramu\ゲーム実習\課題\Debug\vc120.pdb' に見つかりません。デバッグ情報がないものとして、オブジェクトにリンクします。
     1>CTaskManager.obj : warning LNK4099: PDB 'vc120.pdb' が 'CTaskManager.obj' で、または 'C:\Users\tarak\Desktop\制作\game-puloguramu\ゲーム実習\課題\Debug\vc120.pdb' に見つかりません。デバッグ情報がないものとして、オブジェクトにリンクします。
     1>CSound.obj : warning LNK4099: PDB 'vc120.pdb' が 'CSound.obj' で、または 'C:\Users\tarak\Desktop\制作\game-puloguramu\ゲーム実習\課題\Debug\vc120.pdb' に見つかりません。デバッグ情報がないものとして、オブジェクトにリンクします。
     1>CSceneManager.obj : warning LNK4099: PDB 'vc120.pdb' が 'CSceneManager.obj' で、または 'C:\Users\tarak\Desktop\制作\game-puloguramu\ゲーム実習\課題\Debug\vc120.pdb' に見つかりません。デバッグ情報がないものとして、オブジェクトにリンクします。
     1>CKey.obj : warning LNK4099: PDB 'vc120.pdb' が 'CKey.obj' で、または 'C:\Users\tarak\Desktop\制作\game-puloguramu\ゲーム実習\課題\Debug\vc120.pdb' に見つかりません。デバッグ情報がないものとして、オブジェクトにリンクします。
         GameProgramming.vcxproj -> C:\Users\tarak\Desktop\制作\game-puloguramu\ゲーム実習\課題\Debug\GameProgramming.exe
     1>プロジェクト "C:\Users\tarak\Desktop\制作\game-puloguramu\ゲーム実習\課題\GameProgramming\GameProgramming.vcxproj" (Build ターゲット) のビルドが完了しました。

ビルドに成功しました。

経過時間 00:00:03.06
