c:\users\game\desktop\gp\2dlv1\3dlv1_00\gameprogramming\debug\vc120.pdb
c:\users\game\desktop\gp\2dlv1\3dlv1_00\gameprogramming\debug\vc120.idb
c:\users\game\desktop\gp\2dlv1\3dlv1_00\gameprogramming\debug\cbox.obj
c:\users\game\desktop\gp\2dlv1\3dlv1_00\gameprogramming\debug\cmaterial.obj
c:\users\game\desktop\gp\2dlv1\3dlv1_00\gameprogramming\debug\cmatrix.obj
c:\users\game\desktop\gp\2dlv1\3dlv1_00\gameprogramming\debug\crectangle.obj
c:\users\game\desktop\gp\2dlv1\3dlv1_00\gameprogramming\debug\cscenegame.obj
c:\users\game\desktop\gp\2dlv1\3dlv1_00\gameprogramming\debug\cscenemanager.obj
c:\users\game\desktop\gp\2dlv1\3dlv1_00\gameprogramming\debug\ctriangle.obj
c:\users\game\desktop\gp\2dlv1\3dlv1_00\gameprogramming\debug\cvector.obj
c:\users\game\desktop\gp\2dlv1\3dlv1_00\gameprogramming\debug\update.obj
c:\users\game\desktop\gp\2dlv1\3dlv1_00\gameprogramming\debug\main.obj
c:\users\game\desktop\gp\2dlv1\3dlv1_00\gameprogramming\debug\cmodel.obj
c:\users\game\desktop\gp\2dlv1\3dlv1_00\gameprogramming\debug\ccamera.obj
c:\users\game\desktop\gp\2dlv1\3dlv1_00\gameprogramming\debug\ccharacter.obj
c:\users\game\desktop\gp\2dlv1\3dlv1_00\gameprogramming\debug\cplayer.obj
c:\users\game\desktop\gp\2dlv1\3dlv1_00\gameprogramming\debug\ckey.obj
c:\users\game\desktop\gp\2dlv1\3dlv1_00\gameprogramming\debug\cbullet.obj
c:\users\game\desktop\gp\2dlv1\3dlv1_00\gameprogramming\debug\ctaskmanager.obj
c:\users\game\desktop\gp\2dlv1\3dlv1_00\gameprogramming\debug\cenemy.obj
c:\users\game\desktop\gp\2dlv1\3dlv1_00\gameprogramming\debug\ccollider.obj
c:\users\game\desktop\gp\2dlv1\3dlv1_00\gameprogramming\debug\ccollisionmanager.obj
c:\users\game\desktop\gp\2dlv1\3dlv1_00\gameprogramming\debug\cfire.obj
c:\users\game\desktop\gp\2dlv1\3dlv1_00_2019\gameprogramming\debug\vc120.pdb
c:\users\game\desktop\gp\2dlv1\3dlv1_00_2019\gameprogramming\debug\vc120.idb
c:\users\game\desktop\gp\2dlv1\3dlv1_00_2019\gameprogramming\debug\ckey.obj
c:\users\game\desktop\gp\2dlv1\3dlv1_00_2019\gameprogramming\debug\cscenegame.obj
c:\users\game\desktop\gp\2dlv1\3dlv1_00_2019\gameprogramming\debug\cscenemanager.obj
c:\users\game\desktop\gp\2dlv1\3dlv1_00_2019\gameprogramming\debug\update.obj
c:\users\game\desktop\gp\2dlv1\3dlv1_00_2019\gameprogramming\debug\main.obj
c:\users\game\desktop\gp\2dlv1\3dlv1_00\debug\gameprogramming.ilk
c:\users\game\desktop\gp\2dlv1\3dlv1_00\debug\gameprogramming.exe
c:\users\game\desktop\gp\2dlv1\3dlv1_00\debug\gameprogramming.pdb
c:\users\game\desktop\gp\2dlv1\3dlv1_00_2019\debug\gameprogramming.ilk
c:\users\game\desktop\gp\2dlv1\3dlv1_00_2019\debug\gameprogramming.exe
c:\users\game\desktop\gp\2dlv1\3dlv1_00_2019\debug\gameprogramming.pdb
c:\users\game\desktop\gp\3dlv1_00_2019\gameprogramming\debug\cbox.obj
c:\users\game\desktop\gp\3dlv1_00_2019\gameprogramming\debug\cbullet.obj
c:\users\game\desktop\gp\3dlv1_00_2019\gameprogramming\debug\ccamera.obj
c:\users\game\desktop\gp\3dlv1_00_2019\gameprogramming\debug\ccharacter.obj
c:\users\game\desktop\gp\3dlv1_00_2019\gameprogramming\debug\ccollider.obj
c:\users\game\desktop\gp\3dlv1_00_2019\gameprogramming\debug\ccollisionmanager.obj
c:\users\game\desktop\gp\3dlv1_00_2019\gameprogramming\debug\cenemy.obj
c:\users\game\desktop\gp\3dlv1_00_2019\gameprogramming\debug\cfire.obj
c:\users\game\desktop\gp\3dlv1_00_2019\gameprogramming\debug\ckey.obj
c:\users\game\desktop\gp\3dlv1_00_2019\gameprogramming\debug\cmaterial.obj
c:\users\game\desktop\gp\3dlv1_00_2019\gameprogramming\debug\cmatrix.obj
c:\users\game\desktop\gp\3dlv1_00_2019\gameprogramming\debug\cmodel.obj
c:\users\game\desktop\gp\3dlv1_00_2019\gameprogramming\debug\cplayer.obj
c:\users\game\desktop\gp\3dlv1_00_2019\gameprogramming\debug\crectangle.obj
c:\users\game\desktop\gp\3dlv1_00_2019\gameprogramming\debug\cscenegame.obj
c:\users\game\desktop\gp\3dlv1_00_2019\gameprogramming\debug\cscenemanager.obj
c:\users\game\desktop\gp\3dlv1_00_2019\gameprogramming\debug\ctaskmanager.obj
c:\users\game\desktop\gp\3dlv1_00_2019\gameprogramming\debug\ctriangle.obj
c:\users\game\desktop\gp\3dlv1_00_2019\gameprogramming\debug\cvector.obj
c:\users\game\desktop\gp\3dlv1_00_2019\gameprogramming\debug\main.obj
c:\users\game\desktop\gp\3dlv1_00_2019\gameprogramming\debug\update.obj
c:\users\game\desktop\gp\3dlv1_00_2019\gameprogramming\debug\vc120.idb
c:\users\game\desktop\gp\3dlv1_00_2019\gameprogramming\debug\vc120.pdb
c:\users\game\desktop\gp\3dlv1_00_2019\debug\gameprogramming.pdb
c:\users\game\desktop\gp\3dlv1_00_2019\debug\gameprogramming.exe
c:\users\game\desktop\gp\3dlv1_00_2019\debug\gameprogramming.ilk
c:\users\game\desktop\gp\3dlv1_00_2019\gameprogramming\debug\gameprogramming.tlog\cl.command.1.tlog
c:\users\game\desktop\gp\3dlv1_00_2019\gameprogramming\debug\gameprogramming.tlog\cl.read.1.tlog
c:\users\game\desktop\gp\3dlv1_00_2019\gameprogramming\debug\gameprogramming.tlog\cl.write.1.tlog
c:\users\game\desktop\gp\3dlv1_00_2019\gameprogramming\debug\gameprogramming.tlog\link.command.1.tlog
c:\users\game\desktop\gp\3dlv1_00_2019\gameprogramming\debug\gameprogramming.tlog\link.read.1.tlog
c:\users\game\desktop\gp\3dlv1_00_2019\gameprogramming\debug\gameprogramming.tlog\link.write.1.tlog
